2024-12-19T18:04:03.013+01:00  INFO 19568 --- [LaBibliotecaDeCoper] [Test worker] .B.L.LaBibliotecaDeCoperApplicationTests : Starting LaBibliotecaDeCoperApplicationTests using Java 17.0.11 with PID 19568 (started by dani1 in C:\Users\dani1\Documents\LaBibliotecaDeCoper\LaBibliotecaDeCoper-Servidor)
2024-12-19T18:04:03.041+01:00  INFO 19568 --- [LaBibliotecaDeCoper] [Test worker] .B.L.LaBibliotecaDeCoperApplicationTests : No active profile set, falling back to 1 default profile: "default"
2024-12-19T18:04:03.128+01:00 DEBUG 19568 --- [LaBibliotecaDeCoper] [Test worker] o.s.w.c.s.GenericWebApplicationContext   : Refreshing org.springframework.web.context.support.GenericWebApplicationContext@41f35f7c
2024-12-19T18:04:03.907+01:00  INFO 19568 --- [LaBibliotecaDeCoper] [Test worker] .s.d.r.c.RepositoryConfigurationDelegate : Bootstrapping Spring Data JPA repositories in DEFAULT mode.
2024-12-19T18:04:03.985+01:00  INFO 19568 --- [LaBibliotecaDeCoper] [Test worker] .s.d.r.c.RepositoryConfigurationDelegate : Finished Spring Data repository scanning in 63 ms. Found 1 JPA repository interface.
2024-12-19T18:04:04.947+01:00  INFO 19568 --- [LaBibliotecaDeCoper] [Test worker] o.hibernate.jpa.internal.util.LogHelper  : HHH000204: Processing PersistenceUnitInfo [name: default]
2024-12-19T18:04:05.060+01:00  INFO 19568 --- [LaBibliotecaDeCoper] [Test worker] org.hibernate.Version                    : HHH000412: Hibernate ORM core version 6.5.3.Final
2024-12-19T18:04:05.148+01:00  INFO 19568 --- [LaBibliotecaDeCoper] [Test worker] o.h.c.internal.RegionFactoryInitiator    : HHH000026: Second-level cache disabled
2024-12-19T18:04:05.832+01:00  INFO 19568 --- [LaBibliotecaDeCoper] [Test worker] o.s.o.j.p.SpringPersistenceUnitInfo      : No LoadTimeWeaver setup: ignoring JPA class transformer
2024-12-19T18:04:05.888+01:00  INFO 19568 --- [LaBibliotecaDeCoper] [Test worker] com.zaxxer.hikari.HikariDataSource       : HikariPool-1 - Starting...
2024-12-19T18:04:06.460+01:00  INFO 19568 --- [LaBibliotecaDeCoper] [Test worker] com.zaxxer.hikari.pool.HikariPool        : HikariPool-1 - Added connection com.mysql.cj.jdbc.ConnectionImpl@38e7860c
2024-12-19T18:04:06.465+01:00  INFO 19568 --- [LaBibliotecaDeCoper] [Test worker] com.zaxxer.hikari.HikariDataSource       : HikariPool-1 - Start completed.
2024-12-19T18:04:06.556+01:00  WARN 19568 --- [LaBibliotecaDeCoper] [Test worker] org.hibernate.orm.deprecation            : HHH90000025: MySQL8Dialect does not need to be specified explicitly using 'hibernate.dialect' (remove the property setting and it will be selected by default)
2024-12-19T18:04:06.559+01:00  WARN 19568 --- [LaBibliotecaDeCoper] [Test worker] org.hibernate.orm.deprecation            : HHH90000026: MySQL8Dialect has been deprecated; use org.hibernate.dialect.MySQLDialect instead
2024-12-19T18:04:08.088+01:00  INFO 19568 --- [LaBibliotecaDeCoper] [Test worker] o.h.e.t.j.p.i.JtaPlatformInitiator       : HHH000489: No JTA platform available (set 'hibernate.transaction.jta.platform' to enable JTA platform integration)
2024-12-19T18:04:08.266+01:00  INFO 19568 --- [LaBibliotecaDeCoper] [Test worker] j.LocalContainerEntityManagerFactoryBean : Initialized JPA EntityManagerFactory for persistence unit 'default'
2024-12-19T18:04:09.036+01:00  WARN 19568 --- [LaBibliotecaDeCoper] [Test worker] JpaBaseConfiguration$JpaWebConfiguration : spring.jpa.open-in-view is enabled by default. Therefore, database queries may be performed during view rendering. Explicitly configure spring.jpa.open-in-view to disable this warning
2024-12-19T18:04:09.195+01:00 DEBUG 19568 --- [LaBibliotecaDeCoper] [Test worker] s.w.s.m.m.a.RequestMappingHandlerMapping : 8 mappings in 'requestMappingHandlerMapping'
2024-12-19T18:04:09.389+01:00 DEBUG 19568 --- [LaBibliotecaDeCoper] [Test worker] o.s.w.s.handler.SimpleUrlHandlerMapping  : Patterns [/webjars/**, /**] in 'resourceHandlerMapping'
2024-12-19T18:04:09.450+01:00 DEBUG 19568 --- [LaBibliotecaDeCoper] [Test worker] s.w.s.m.m.a.RequestMappingHandlerAdapter : ControllerAdvice beans: 0 @ModelAttribute, 0 @InitBinder, 1 RequestBodyAdvice, 1 ResponseBodyAdvice
2024-12-19T18:04:09.523+01:00 DEBUG 19568 --- [LaBibliotecaDeCoper] [Test worker] .m.m.a.ExceptionHandlerExceptionResolver : ControllerAdvice beans: 0 @ExceptionHandler, 1 ResponseBodyAdvice
2024-12-19T18:04:09.682+01:00  INFO 19568 --- [LaBibliotecaDeCoper] [Test worker] .B.L.LaBibliotecaDeCoperApplicationTests : Started LaBibliotecaDeCoperApplicationTests in 7.219 seconds (process running for 9.705)
2024-12-19T18:04:10.498+01:00 DEBUG 19568 --- [LaBibliotecaDeCoper] [SpringApplicationShutdownHook] o.s.w.c.s.GenericWebApplicationContext   : Closing org.springframework.web.context.support.GenericWebApplicationContext@41f35f7c, started on Thu Dec 19 18:04:03 CET 2024
2024-12-19T18:04:10.503+01:00  INFO 19568 --- [LaBibliotecaDeCoper] [SpringApplicationShutdownHook] j.LocalContainerEntityManagerFactoryBean : Closing JPA EntityManagerFactory for persistence unit 'default'
2024-12-19T18:04:10.506+01:00  INFO 19568 --- [LaBibliotecaDeCoper] [SpringApplicationShutdownHook] com.zaxxer.hikari.HikariDataSource       : HikariPool-1 - Shutdown initiated...
2024-12-19T18:04:10.520+01:00  INFO 19568 --- [LaBibliotecaDeCoper] [SpringApplicationShutdownHook] com.zaxxer.hikari.HikariDataSource       : HikariPool-1 - Shutdown completed.
2024-12-19T18:04:29.341+01:00  INFO 6300 --- [LaBibliotecaDeCoper] [Test worker] .B.L.LaBibliotecaDeCoperApplicationTests : Starting LaBibliotecaDeCoperApplicationTests using Java 17.0.11 with PID 6300 (started by dani1 in C:\Users\dani1\Documents\LaBibliotecaDeCoper\LaBibliotecaDeCoper-Servidor)
2024-12-19T18:04:29.345+01:00  INFO 6300 --- [LaBibliotecaDeCoper] [Test worker] .B.L.LaBibliotecaDeCoperApplicationTests : No active profile set, falling back to 1 default profile: "default"
2024-12-19T18:04:29.421+01:00 DEBUG 6300 --- [LaBibliotecaDeCoper] [Test worker] o.s.w.c.s.GenericWebApplicationContext   : Refreshing org.springframework.web.context.support.GenericWebApplicationContext@41f35f7c
2024-12-19T18:04:30.242+01:00  INFO 6300 --- [LaBibliotecaDeCoper] [Test worker] .s.d.r.c.RepositoryConfigurationDelegate : Bootstrapping Spring Data JPA repositories in DEFAULT mode.
2024-12-19T18:04:30.329+01:00  INFO 6300 --- [LaBibliotecaDeCoper] [Test worker] .s.d.r.c.RepositoryConfigurationDelegate : Finished Spring Data repository scanning in 71 ms. Found 1 JPA repository interface.
2024-12-19T18:04:31.459+01:00  INFO 6300 --- [LaBibliotecaDeCoper] [Test worker] o.hibernate.jpa.internal.util.LogHelper  : HHH000204: Processing PersistenceUnitInfo [name: default]
2024-12-19T18:04:31.583+01:00  INFO 6300 --- [LaBibliotecaDeCoper] [Test worker] org.hibernate.Version                    : HHH000412: Hibernate ORM core version 6.5.3.Final
2024-12-19T18:04:31.658+01:00  INFO 6300 --- [LaBibliotecaDeCoper] [Test worker] o.h.c.internal.RegionFactoryInitiator    : HHH000026: Second-level cache disabled
2024-12-19T18:04:32.311+01:00  INFO 6300 --- [LaBibliotecaDeCoper] [Test worker] o.s.o.j.p.SpringPersistenceUnitInfo      : No LoadTimeWeaver setup: ignoring JPA class transformer
2024-12-19T18:04:32.381+01:00  INFO 6300 --- [LaBibliotecaDeCoper] [Test worker] com.zaxxer.hikari.HikariDataSource       : HikariPool-1 - Starting...
2024-12-19T18:04:32.822+01:00  INFO 6300 --- [LaBibliotecaDeCoper] [Test worker] com.zaxxer.hikari.pool.HikariPool        : HikariPool-1 - Added connection com.mysql.cj.jdbc.ConnectionImpl@1827fc4e
2024-12-19T18:04:32.825+01:00  INFO 6300 --- [LaBibliotecaDeCoper] [Test worker] com.zaxxer.hikari.HikariDataSource       : HikariPool-1 - Start completed.
2024-12-19T18:04:32.898+01:00  WARN 6300 --- [LaBibliotecaDeCoper] [Test worker] org.hibernate.orm.deprecation            : HHH90000025: MySQL8Dialect does not need to be specified explicitly using 'hibernate.dialect' (remove the property setting and it will be selected by default)
2024-12-19T18:04:32.900+01:00  WARN 6300 --- [LaBibliotecaDeCoper] [Test worker] org.hibernate.orm.deprecation            : HHH90000026: MySQL8Dialect has been deprecated; use org.hibernate.dialect.MySQLDialect instead
2024-12-19T18:04:34.486+01:00  INFO 6300 --- [LaBibliotecaDeCoper] [Test worker] o.h.e.t.j.p.i.JtaPlatformInitiator       : HHH000489: No JTA platform available (set 'hibernate.transaction.jta.platform' to enable JTA platform integration)
2024-12-19T18:04:34.609+01:00  INFO 6300 --- [LaBibliotecaDeCoper] [Test worker] j.LocalContainerEntityManagerFactoryBean : Initialized JPA EntityManagerFactory for persistence unit 'default'
2024-12-19T18:04:35.486+01:00  WARN 6300 --- [LaBibliotecaDeCoper] [Test worker] JpaBaseConfiguration$JpaWebConfiguration : spring.jpa.open-in-view is enabled by default. Therefore, database queries may be performed during view rendering. Explicitly configure spring.jpa.open-in-view to disable this warning
2024-12-19T18:04:35.671+01:00 DEBUG 6300 --- [LaBibliotecaDeCoper] [Test worker] s.w.s.m.m.a.RequestMappingHandlerMapping : 8 mappings in 'requestMappingHandlerMapping'
2024-12-19T18:04:35.873+01:00 DEBUG 6300 --- [LaBibliotecaDeCoper] [Test worker] o.s.w.s.handler.SimpleUrlHandlerMapping  : Patterns [/webjars/**, /**] in 'resourceHandlerMapping'
2024-12-19T18:04:35.949+01:00 DEBUG 6300 --- [LaBibliotecaDeCoper] [Test worker] s.w.s.m.m.a.RequestMappingHandlerAdapter : ControllerAdvice beans: 0 @ModelAttribute, 0 @InitBinder, 1 RequestBodyAdvice, 1 ResponseBodyAdvice
2024-12-19T18:04:36.008+01:00 DEBUG 6300 --- [LaBibliotecaDeCoper] [Test worker] .m.m.a.ExceptionHandlerExceptionResolver : ControllerAdvice beans: 0 @ExceptionHandler, 1 ResponseBodyAdvice
2024-12-19T18:04:36.165+01:00  INFO 6300 --- [LaBibliotecaDeCoper] [Test worker] .B.L.LaBibliotecaDeCoperApplicationTests : Started LaBibliotecaDeCoperApplicationTests in 7.299 seconds (process running for 9.35)
2024-12-19T18:04:36.849+01:00 DEBUG 6300 --- [LaBibliotecaDeCoper] [SpringApplicationShutdownHook] o.s.w.c.s.GenericWebApplicationContext   : Closing org.springframework.web.context.support.GenericWebApplicationContext@41f35f7c, started on Thu Dec 19 18:04:29 CET 2024
2024-12-19T18:04:36.855+01:00  INFO 6300 --- [LaBibliotecaDeCoper] [SpringApplicationShutdownHook] j.LocalContainerEntityManagerFactoryBean : Closing JPA EntityManagerFactory for persistence unit 'default'
2024-12-19T18:04:36.859+01:00  INFO 6300 --- [LaBibliotecaDeCoper] [SpringApplicationShutdownHook] com.zaxxer.hikari.HikariDataSource       : HikariPool-1 - Shutdown initiated...
2024-12-19T18:04:36.878+01:00  INFO 6300 --- [LaBibliotecaDeCoper] [SpringApplicationShutdownHook] com.zaxxer.hikari.HikariDataSource       : HikariPool-1 - Shutdown completed.
